#
# There is insufficient memory for the Java Runtime Environment to continue.
# Native memory allocation (malloc) failed to allocate 32744 bytes for ChunkPool::allocate
# Possible reasons:
#   The system is out of physical RAM or swap space
#   The process is running with CompressedOops enabled, and the Java Heap may be blocking the growth of the native heap
# Possible solutions:
#   Reduce memory load on the system
#   Increase physical memory or swap space
#   Check if swap backing store is full
#   Decrease Java heap size (-Xmx/-Xms)
#   Decrease number of Java threads
#   Decrease Java thread stack sizes (-Xss)
#   Set larger code cache with -XX:ReservedCodeCacheSize=
#   JVM is running with Zero Based Compressed Oops mode in which the Java heap is
#     placed in the first 32GB address space. The Java Heap base address is the
#     maximum limit for the native heap growth. Please use -XX:HeapBaseMinAddress
#     to set the Java Heap base and to place the Java Heap above 32GB virtual address.
# This output file may be truncated or incomplete.
#
#  Out of Memory Error (./src/hotspot/share/memory/arena.cpp:81), pid=18104, tid=988
#
# JRE version: OpenJDK Runtime Environment (11.0.12+7) (build 11.0.12+7-b1504.28-7817840)
# Java VM: OpenJDK 64-Bit Server VM (11.0.12+7-b1504.28-7817840, mixed mode, tiered, compressed oops, g1 gc, windows-amd64)
# No core dump will be written. Minidumps are not enabled by default on client versions of Windows
#

---------------  S U M M A R Y ------------

Command Line: -Dorg.gradle.appname=gradlew org.gradle.wrapper.GradleWrapperMain -q -Ptarget-platform=android-arm -Ptarget=D:\Niyati\nikunj sir\odeva_new_copy\lib\main.dart -Pbase-application-name=android.app.Application -Pdart-defines=Zmx1dHRlci5pbnNwZWN0b3Iuc3RydWN0dXJlZEVycm9ycz10cnVl,RkxVVFRFUl9XRUJfQVVUT19ERVRFQ1Q9dHJ1ZQ== -Pdart-obfuscation=false -Ptrack-widget-creation=true -Ptree-shake-icons=false -Pfilesystem-scheme=org-dartlang-root assembleDebug

Host: Intel(R) Core(TM) i7-4790 CPU @ 3.60GHz, 8 cores, 11G,  Windows 10 , 64 bit Build 19041 (10.0.19041.2788)
Time: Mon May  1 11:04:43 2023 India Standard Time elapsed time: 7.907527 seconds (0d 0h 0m 7s)

---------------  T H R E A D  ---------------

Current thread (0x00000213e7fee800):  JavaThread "C1 CompilerThread0" daemon [_thread_in_native, id=988, stack(0x000000d8b7100000,0x000000d8b7200000)]


Current CompileTask:
C1:   7907 1212       3       org.gradle.internal.dispatch.ProxyDispatchAdapter$DispatchingInvocationHandler::invoke (184 bytes)

Stack: [0x000000d8b7100000,0x000000d8b7200000]
Native frames: (J=compiled Java code, j=interpreted, Vv=VM code, C=native code)
V  [jvm.dll+0x5fbcea]
V  [jvm.dll+0x731905]
V  [jvm.dll+0x732f1d]
V  [jvm.dll+0x7335d3]
V  [jvm.dll+0x247bf8]
V  [jvm.dll+0xc041b]
V  [jvm.dll+0xc06cc]
V  [jvm.dll+0x169659]
V  [jvm.dll+0x16a632]
V  [jvm.dll+0x16a6f0]
V  [jvm.dll+0x16c94d]
V  [jvm.dll+0x16e8b4]
V  [jvm.dll+0x128a5c]
V  [jvm.dll+0x128569]
V  [jvm.dll+0x1286d3]
V  [jvm.dll+0x1279e7]
V  [jvm.dll+0x1295b7]
V  [jvm.dll+0x20e0d7]
V  [jvm.dll+0x20c901]
V  [jvm.dll+0x6f9b7f]
V  [jvm.dll+0x6f26a5]
V  [jvm.dll+0x5fabf6]
C  [ucrtbase.dll+0x21bb2]
C  [KERNEL32.DLL+0x17604]
C  [ntdll.dll+0x526a1]


---------------  P R O C E S S  ---------------

Threads class SMR info:
_java_thread_list=0x00000213e93facf0, length=13, elements={
0x00000213c8d0d800, 0x00000213e7f81800, 0x00000213e7f8a000, 0x00000213e7f9b000,
0x00000213e7f9d000, 0x00000213e7f9f800, 0x00000213e7fa2800, 0x00000213e7fee800,
0x00000213e7fef000, 0x00000213e8171800, 0x00000213e8250000, 0x00000213e8ed4000,
0x00000213e8f6f800
}

Java Threads: ( => current thread )
  0x00000213c8d0d800 JavaThread "main" [_thread_in_native, id=16700, stack(0x000000d8b6400000,0x000000d8b6500000)]
  0x00000213e7f81800 JavaThread "Reference Handler" daemon [_thread_blocked, id=14092, stack(0x000000d8b6b00000,0x000000d8b6c00000)]
  0x00000213e7f8a000 JavaThread "Finalizer" daemon [_thread_blocked, id=17212, stack(0x000000d8b6c00000,0x000000d8b6d00000)]
  0x00000213e7f9b000 JavaThread "Signal Dispatcher" daemon [_thread_blocked, id=12384, stack(0x000000d8b6d00000,0x000000d8b6e00000)]
  0x00000213e7f9d000 JavaThread "Attach Listener" daemon [_thread_blocked, id=9512, stack(0x000000d8b6e00000,0x000000d8b6f00000)]
  0x00000213e7f9f800 JavaThread "Service Thread" daemon [_thread_blocked, id=13432, stack(0x000000d8b6f00000,0x000000d8b7000000)]
  0x00000213e7fa2800 JavaThread "C2 CompilerThread0" daemon [_thread_blocked, id=15464, stack(0x000000d8b7000000,0x000000d8b7100000)]
=>0x00000213e7fee800 JavaThread "C1 CompilerThread0" daemon [_thread_in_native, id=988, stack(0x000000d8b7100000,0x000000d8b7200000)]
  0x00000213e7fef000 JavaThread "Sweeper thread" daemon [_thread_blocked, id=13744, stack(0x000000d8b7200000,0x000000d8b7300000)]
  0x00000213e8171800 JavaThread "Common-Cleaner" daemon [_thread_blocked, id=12596, stack(0x000000d8b7400000,0x000000d8b7500000)]
  0x00000213e8250000 JavaThread "pool-1-thread-1" [_thread_blocked, id=17904, stack(0x000000d8b7a00000,0x000000d8b7b00000)]
  0x00000213e8ed4000 JavaThread "DisconnectableInputStream source reader" daemon [_thread_in_native, id=15800, stack(0x000000d8b7600000,0x000000d8b7700000)]
  0x00000213e8f6f800 JavaThread "Forward input" [_thread_blocked, id=18408, stack(0x000000d8b7b00000,0x000000d8b7c00000)]

Other Threads:
  0x00000213e775d800 VMThread "VM Thread" [stack: 0x000000d8b6a00000,0x000000d8b6b00000] [id=18296]
  0x00000213e8168800 WatcherThread [stack: 0x000000d8b7300000,0x000000d8b7400000] [id=1060]
  0x00000213c8d24000 GCTaskThread "GC Thread#0" [stack: 0x000000d8b6500000,0x000000d8b6600000] [id=18356]
  0x00000213e8c90000 GCTaskThread "GC Thread#1" [stack: 0x000000d8b7700000,0x000000d8b7800000] [id=17900]
  0x00000213e8f4b800 GCTaskThread "GC Thread#2" [stack: 0x000000d8b7800000,0x000000d8b7900000] [id=17820]
  0x00000213e8d85000 GCTaskThread "GC Thread#3" [stack: 0x000000d8b7900000,0x000000d8b7a00000] [id=17776]
  0x00000213c8d6c800 ConcurrentGCThread "G1 Main Marker" [stack: 0x000000d8b6600000,0x000000d8b6700000] [id=6940]
  0x00000213c8d6f000 ConcurrentGCThread "G1 Conc#0" [stack: 0x000000d8b6700000,0x000000d8b6800000] [id=544]
  0x00000213e75c0800 ConcurrentGCThread "G1 Refine#0" [stack: 0x000000d8b6800000,0x000000d8b6900000] [id=18132]
  0x00000213e75c1800 ConcurrentGCThread "G1 Young RemSet Sampling" [stack: 0x000000d8b6900000,0x000000d8b6a00000] [id=18188]

Threads with active compile tasks:
C1 CompilerThread0   7947 1212       3       org.gradle.internal.dispatch.ProxyDispatchAdapter$DispatchingInvocationHandler::invoke (184 bytes)

VM state:not at safepoint (normal execution)

VM Mutex/Monitor currently owned by a thread: None

Heap address: 0x0000000741a00000, size: 3046 MB, Compressed Oops mode: Zero based, Oop shift amount: 3
Narrow klass base: 0x0000000800000000, Narrow klass shift: 0
Compressed class space size: 1073741824 Address: 0x0000000800000000

Heap:
 garbage-first heap   total 196608K, used 24377K [0x0000000741a00000, 0x0000000800000000)
  region size 1024K, 19 young (19456K), 3 survivors (3072K)
 Metaspace       used 14954K, capacity 15259K, committed 15488K, reserved 1062912K
  class space    used 1726K, capacity 1834K, committed 1920K, reserved 1048576K
Heap Regions: E=young(eden), S=young(survivor), O=old, HS=humongous(starts), HC=humongous(continues), CS=collection set, F=free, A=archive, TAMS=top-at-mark-start (previous, next)
|   0|0x0000000741a00000, 0x0000000741a00000, 0x0000000741b00000|  0%| F|  |TAMS 0x0000000741a00000, 0x0000000741a00000| Untracked 
|   1|0x0000000741b00000, 0x0000000741b00000, 0x0000000741c00000|  0%| F|  |TAMS 0x0000000741b00000, 0x0000000741b00000| Untracked 
|   2|0x0000000741c00000, 0x0000000741c00000, 0x0000000741d00000|  0%| F|  |TAMS 0x0000000741c00000, 0x0000000741c00000| Untracked 
|   3|0x0000000741d00000, 0x0000000741e00000, 0x0000000741e00000|100%|HS|  |TAMS 0x0000000741d00000, 0x0000000741d00000| Complete 
|   4|0x0000000741e00000, 0x0000000741f00000, 0x0000000741f00000|100%|HC|  |TAMS 0x0000000741e00000, 0x0000000741e00000| Complete 
|   5|0x0000000741f00000, 0x0000000742000000, 0x0000000742000000|100%|HC|  |TAMS 0x0000000741f00000, 0x0000000741f00000| Complete 
|   6|0x0000000742000000, 0x0000000742100000, 0x0000000742100000|100%| O|  |TAMS 0x0000000742000000, 0x0000000742000000| Untracked 
|   7|0x0000000742100000, 0x0000000742200000, 0x0000000742200000|100%| O|  |TAMS 0x0000000742100000, 0x0000000742100000| Untracked 
|   8|0x0000000742200000, 0x00000007422ce600, 0x0000000742300000| 80%| O|  |TAMS 0x0000000742200000, 0x0000000742200000| Untracked 
|   9|0x0000000742300000, 0x0000000742300000, 0x0000000742400000|  0%| F|  |TAMS 0x0000000742300000, 0x0000000742300000| Untracked 
|  10|0x0000000742400000, 0x0000000742400000, 0x0000000742500000|  0%| F|  |TAMS 0x0000000742400000, 0x0000000742400000| Untracked 
|  11|0x0000000742500000, 0x0000000742500000, 0x0000000742600000|  0%| F|  |TAMS 0x0000000742500000, 0x0000000742500000| Untracked 
|  12|0x0000000742600000, 0x0000000742600000, 0x0000000742700000|  0%| F|  |TAMS 0x0000000742600000, 0x0000000742600000| Untracked 
|  13|0x0000000742700000, 0x0000000742700000, 0x0000000742800000|  0%| F|  |TAMS 0x0000000742700000, 0x0000000742700000| Untracked 
|  14|0x0000000742800000, 0x0000000742800000, 0x0000000742900000|  0%| F|  |TAMS 0x0000000742800000, 0x0000000742800000| Untracked 
|  15|0x0000000742900000, 0x0000000742900000, 0x0000000742a00000|  0%| F|  |TAMS 0x0000000742900000, 0x0000000742900000| Untracked 
|  16|0x0000000742a00000, 0x0000000742a00000, 0x0000000742b00000|  0%| F|  |TAMS 0x0000000742a00000, 0x0000000742a00000| Untracked 
|  17|0x0000000742b00000, 0x0000000742b00000, 0x0000000742c00000|  0%| F|  |TAMS 0x0000000742b00000, 0x0000000742b00000| Untracked 
|  18|0x0000000742c00000, 0x0000000742c00000, 0x0000000742d00000|  0%| F|  |TAMS 0x0000000742c00000, 0x0000000742c00000| Untracked 
|  19|0x0000000742d00000, 0x0000000742d00000, 0x0000000742e00000|  0%| F|  |TAMS 0x0000000742d00000, 0x0000000742d00000| Untracked 
|  20|0x0000000742e00000, 0x0000000742e00000, 0x0000000742f00000|  0%| F|  |TAMS 0x0000000742e00000, 0x0000000742e00000| Untracked 
|  21|0x0000000742f00000, 0x0000000742f00000, 0x0000000743000000|  0%| F|  |TAMS 0x0000000742f00000, 0x0000000742f00000| Untracked 
|  22|0x0000000743000000, 0x0000000743000000, 0x0000000743100000|  0%| F|  |TAMS 0x0000000743000000, 0x0000000743000000| Untracked 
|  23|0x0000000743100000, 0x0000000743100000, 0x0000000743200000|  0%| F|  |TAMS 0x0000000743100000, 0x0000000743100000| Untracked 
|  24|0x0000000743200000, 0x0000000743200000, 0x0000000743300000|  0%| F|  |TAMS 0x0000000743200000, 0x0000000743200000| Untracked 
|  25|0x0000000743300000, 0x0000000743300000, 0x0000000743400000|  0%| F|  |TAMS 0x0000000743300000, 0x0000000743300000| Untracked 
|  26|0x0000000743400000, 0x0000000743400000, 0x0000000743500000|  0%| F|  |TAMS 0x0000000743400000, 0x0000000743400000| Untracked 
|  27|0x0000000743500000, 0x0000000743500000, 0x0000000743600000|  0%| F|  |TAMS 0x0000000743500000, 0x0000000743500000| Untracked 
|  28|0x0000000743600000, 0x0000000743600000, 0x0000000743700000|  0%| F|  |TAMS 0x0000000743600000, 0x0000000743600000| Untracked 
|  29|0x0000000743700000, 0x0000000743700000, 0x0000000743800000|  0%| F|  |TAMS 0x0000000743700000, 0x0000000743700000| Untracked 
|  30|0x0000000743800000, 0x0000000743800000, 0x0000000743900000|  0%| F|  |TAMS 0x0000000743800000, 0x0000000743800000| Untracked 
|  31|0x0000000743900000, 0x0000000743900000, 0x0000000743a00000|  0%| F|  |TAMS 0x0000000743900000, 0x0000000743900000| Untracked 
|  32|0x0000000743a00000, 0x0000000743a00000, 0x0000000743b00000|  0%| F|  |TAMS 0x0000000743a00000, 0x0000000743a00000| Untracked 
|  33|0x0000000743b00000, 0x0000000743b00000, 0x0000000743c00000|  0%| F|  |TAMS 0x0000000743b00000, 0x0000000743b00000| Untracked 
|  34|0x0000000743c00000, 0x0000000743c00000, 0x0000000743d00000|  0%| F|  |TAMS 0x0000000743c00000, 0x0000000743c00000| Untracked 
|  35|0x0000000743d00000, 0x0000000743d00000, 0x0000000743e00000|  0%| F|  |TAMS 0x0000000743d00000, 0x0000000743d00000| Untracked 
|  36|0x0000000743e00000, 0x0000000743e00000, 0x0000000743f00000|  0%| F|  |TAMS 0x0000000743e00000, 0x0000000743e00000| Untracked 
|  37|0x0000000743f00000, 0x0000000743f00000, 0x0000000744000000|  0%| F|  |TAMS 0x0000000743f00000, 0x0000000743f00000| Untracked 
|  38|0x0000000744000000, 0x0000000744000000, 0x0000000744100000|  0%| F|  |TAMS 0x0000000744000000, 0x0000000744000000| Untracked 
|  39|0x0000000744100000, 0x0000000744100000, 0x0000000744200000|  0%| F|  |TAMS 0x0000000744100000, 0x0000000744100000| Untracked 
|  40|0x0000000744200000, 0x0000000744200000, 0x0000000744300000|  0%| F|  |TAMS 0x0000000744200000, 0x0000000744200000| Untracked 
|  41|0x0000000744300000, 0x0000000744300000, 0x0000000744400000|  0%| F|  |TAMS 0x0000000744300000, 0x0000000744300000| Untracked 
|  42|0x0000000744400000, 0x0000000744400000, 0x0000000744500000|  0%| F|  |TAMS 0x0000000744400000, 0x0000000744400000| Untracked 
|  43|0x0000000744500000, 0x0000000744500000, 0x0000000744600000|  0%| F|  |TAMS 0x0000000744500000, 0x0000000744500000| Untracked 
|  44|0x0000000744600000, 0x0000000744600000, 0x0000000744700000|  0%| F|  |TAMS 0x0000000744600000, 0x0000000744600000| Untracked 
|  45|0x0000000744700000, 0x0000000744700000, 0x0000000744800000|  0%| F|  |TAMS 0x0000000744700000, 0x0000000744700000| Untracked 
|  46|0x0000000744800000, 0x0000000744800000, 0x0000000744900000|  0%| F|  |TAMS 0x0000000744800000, 0x0000000744800000| Untracked 
|  47|0x0000000744900000, 0x0000000744900000, 0x0000000744a00000|  0%| F|  |TAMS 0x0000000744900000, 0x0000000744900000| Untracked 
|  48|0x0000000744a00000, 0x0000000744a00000, 0x0000000744b00000|  0%| F|  |TAMS 0x0000000744a00000, 0x0000000744a00000| Untracked 
|  49|0x0000000744b00000, 0x0000000744b00000, 0x0000000744c00000|  0%| F|  |TAMS 0x0000000744b00000, 0x0000000744b00000| Untracked 
|  50|0x0000000744c00000, 0x0000000744c00000, 0x0000000744d00000|  0%| F|  |TAMS 0x0000000744c00000, 0x0000000744c00000| Untracked 
|  51|0x0000000744d00000, 0x0000000744d00000, 0x0000000744e00000|  0%| F|  |TAMS 0x0000000744d00000, 0x0000000744d00000| Untracked 
|  52|0x0000000744e00000, 0x0000000744e00000, 0x0000000744f00000|  0%| F|  |TAMS 0x0000000744e00000, 0x0000000744e00000| Untracked 
|  53|0x0000000744f00000, 0x0000000744f00000, 0x0000000745000000|  0%| F|  |TAMS 0x0000000744f00000, 0x0000000744f00000| Untracked 
|  54|0x0000000745000000, 0x0000000745000000, 0x0000000745100000|  0%| F|  |TAMS 0x0000000745000000, 0x0000000745000000| Untracked 
|  55|0x0000000745100000, 0x0000000745100000, 0x0000000745200000|  0%| F|  |TAMS 0x0000000745100000, 0x0000000745100000| Untracked 
|  56|0x0000000745200000, 0x0000000745200000, 0x0000000745300000|  0%| F|  |TAMS 0x0000000745200000, 0x0000000745200000| Untracked 
|  57|0x0000000745300000, 0x0000000745300000, 0x0000000745400000|  0%| F|  |TAMS 0x0000000745300000, 0x0000000745300000| Untracked 
|  58|0x0000000745400000, 0x0000000745400000, 0x0000000745500000|  0%| F|  |TAMS 0x0000000745400000, 0x0000000745400000| Untracked 
|  59|0x0000000745500000, 0x0000000745500000, 0x0000000745600000|  0%| F|  |TAMS 0x0000000745500000, 0x0000000745500000| Untracked 
|  60|0x0000000745600000, 0x0000000745600000, 0x0000000745700000|  0%| F|  |TAMS 0x0000000745600000, 0x0000000745600000| Untracked 
|  61|0x0000000745700000, 0x0000000745700000, 0x0000000745800000|  0%| F|  |TAMS 0x0000000745700000, 0x0000000745700000| Untracked 
|  62|0x0000000745800000, 0x0000000745800000, 0x0000000745900000|  0%| F|  |TAMS 0x0000000745800000, 0x0000000745800000| Untracked 
|  63|0x0000000745900000, 0x0000000745900000, 0x0000000745a00000|  0%| F|  |TAMS 0x0000000745900000, 0x0000000745900000| Untracked 
|  64|0x0000000745a00000, 0x0000000745a00000, 0x0000000745b00000|  0%| F|  |TAMS 0x0000000745a00000, 0x0000000745a00000| Untracked 
|  65|0x0000000745b00000, 0x0000000745b00000, 0x0000000745c00000|  0%| F|  |TAMS 0x0000000745b00000, 0x0000000745b00000| Untracked 
|  66|0x0000000745c00000, 0x0000000745c00000, 0x0000000745d00000|  0%| F|  |TAMS 0x0000000745c00000, 0x0000000745c00000| Untracked 
|  67|0x0000000745d00000, 0x0000000745d00000, 0x0000000745e00000|  0%| F|  |TAMS 0x0000000745d00000, 0x0000000745d00000| Untracked 
|  68|0x0000000745e00000, 0x0000000745e00000, 0x0000000745f00000|  0%| F|  |TAMS 0x0000000745e00000, 0x0000000745e00000| Untracked 
|  69|0x0000000745f00000, 0x0000000745f00000, 0x0000000746000000|  0%| F|  |TAMS 0x0000000745f00000, 0x0000000745f00000| Untracked 
|  70|0x0000000746000000, 0x0000000746000000, 0x0000000746100000|  0%| F|  |TAMS 0x0000000746000000, 0x0000000746000000| Untracked 
|  71|0x0000000746100000, 0x0000000746100000, 0x0000000746200000|  0%| F|  |TAMS 0x0000000746100000, 0x0000000746100000| Untracked 
|  72|0x0000000746200000, 0x0000000746200000, 0x0000000746300000|  0%| F|  |TAMS 0x0000000746200000, 0x0000000746200000| Untracked 
|  73|0x0000000746300000, 0x0000000746300000, 0x0000000746400000|  0%| F|  |TAMS 0x0000000746300000, 0x0000000746300000| Untracked 
|  74|0x0000000746400000, 0x0000000746400000, 0x0000000746500000|  0%| F|  |TAMS 0x0000000746400000, 0x0000000746400000| Untracked 
|  75|0x0000000746500000, 0x0000000746500000, 0x0000000746600000|  0%| F|  |TAMS 0x0000000746500000, 0x0000000746500000| Untracked 
|  76|0x0000000746600000, 0x0000000746600000, 0x0000000746700000|  0%| F|  |TAMS 0x0000000746600000, 0x0000000746600000| Untracked 
|  77|0x0000000746700000, 0x0000000746700000, 0x0000000746800000|  0%| F|  |TAMS 0x0000000746700000, 0x0000000746700000| Untracked 
|  78|0x0000000746800000, 0x0000000746800000, 0x0000000746900000|  0%| F|  |TAMS 0x0000000746800000, 0x0000000746800000| Untracked 
|  79|0x0000000746900000, 0x0000000746900000, 0x0000000746a00000|  0%| F|  |TAMS 0x0000000746900000, 0x0000000746900000| Untracked 
|  80|0x0000000746a00000, 0x0000000746a00000, 0x0000000746b00000|  0%| F|  |TAMS 0x0000000746a00000, 0x0000000746a00000| Untracked 
|  81|0x0000000746b00000, 0x0000000746b00000, 0x0000000746c00000|  0%| F|  |TAMS 0x0000000746b00000, 0x0000000746b00000| Untracked 
|  82|0x0000000746c00000, 0x0000000746c00000, 0x0000000746d00000|  0%| F|  |TAMS 0x0000000746c00000, 0x0000000746c00000| Untracked 
|  83|0x0000000746d00000, 0x0000000746d00000, 0x0000000746e00000|  0%| F|  |TAMS 0x0000000746d00000, 0x0000000746d00000| Untracked 
|  84|0x0000000746e00000, 0x0000000746e00000, 0x0000000746f00000|  0%| F|  |TAMS 0x0000000746e00000, 0x0000000746e00000| Untracked 
|  85|0x0000000746f00000, 0x0000000746f00000, 0x0000000747000000|  0%| F|  |TAMS 0x0000000746f00000, 0x0000000746f00000| Untracked 
|  86|0x0000000747000000, 0x0000000747000000, 0x0000000747100000|  0%| F|  |TAMS 0x0000000747000000, 0x0000000747000000| Untracked 
|  87|0x0000000747100000, 0x0000000747100000, 0x0000000747200000|  0%| F|  |TAMS 0x0000000747100000, 0x0000000747100000| Untracked 
|  88|0x0000000747200000, 0x0000000747200000, 0x0000000747300000|  0%| F|  |TAMS 0x0000000747200000, 0x0000000747200000| Untracked 
|  89|0x0000000747300000, 0x0000000747300000, 0x0000000747400000|  0%| F|  |TAMS 0x0000000747300000, 0x0000000747300000| Untracked 
|  90|0x0000000747400000, 0x0000000747400000, 0x0000000747500000|  0%| F|  |TAMS 0x0000000747400000, 0x0000000747400000| Untracked 
|  91|0x0000000747500000, 0x0000000747500000, 0x0000000747600000|  0%| F|  |TAMS 0x0000000747500000, 0x0000000747500000| Untracked 
|  92|0x0000000747600000, 0x0000000747600000, 0x0000000747700000|  0%| F|  |TAMS 0x0000000747600000, 0x0000000747600000| Untracked 
|  93|0x0000000747700000, 0x0000000747700000, 0x0000000747800000|  0%| F|  |TAMS 0x0000000747700000, 0x0000000747700000| Untracked 
|  94|0x0000000747800000, 0x0000000747800000, 0x0000000747900000|  0%| F|  |TAMS 0x0000000747800000, 0x0000000747800000| Untracked 
|  95|0x0000000747900000, 0x0000000747900000, 0x0000000747a00000|  0%| F|  |TAMS 0x0000000747900000, 0x0000000747900000| Untracked 
|  96|0x0000000747a00000, 0x0000000747a00000, 0x0000000747b00000|  0%| F|  |TAMS 0x0000000747a00000, 0x0000000747a00000| Untracked 
|  97|0x0000000747b00000, 0x0000000747b00000, 0x0000000747c00000|  0%| F|  |TAMS 0x0000000747b00000, 0x0000000747b00000| Untracked 
|  98|0x0000000747c00000, 0x0000000747c00000, 0x0000000747d00000|  0%| F|  |TAMS 0x0000000747c00000, 0x0000000747c00000| Untracked 
|  99|0x0000000747d00000, 0x0000000747d00000, 0x0000000747e00000|  0%| F|  |TAMS 0x0000000747d00000, 0x0000000747d00000| Untracked 
| 100|0x0000000747e00000, 0x0000000747e00000, 0x0000000747f00000|  0%| F|  |TAMS 0x0000000747e00000, 0x0000000747e00000| Untracked 
| 101|0x0000000747f00000, 0x0000000747f00000, 0x0000000748000000|  0%| F|  |TAMS 0x0000000747f00000, 0x0000000747f00000| Untracked 
| 102|0x0000000748000000, 0x0000000748000000, 0x0000000748100000|  0%| F|  |TAMS 0x0000000748000000, 0x0000000748000000| Untracked 
| 103|0x0000000748100000, 0x0000000748100000, 0x0000000748200000|  0%| F|  |TAMS 0x0000000748100000, 0x0000000748100000| Untracked 
| 104|0x0000000748200000, 0x0000000748200000, 0x0000000748300000|  0%| F|  |TAMS 0x0000000748200000, 0x0000000748200000| Untracked 
| 105|0x0000000748300000, 0x0000000748300000, 0x0000000748400000|  0%| F|  |TAMS 0x0000000748300000, 0x0000000748300000| Untracked 
| 106|0x0000000748400000, 0x0000000748400000, 0x0000000748500000|  0%| F|  |TAMS 0x0000000748400000, 0x0000000748400000| Untracked 
| 107|0x0000000748500000, 0x0000000748500000, 0x0000000748600000|  0%| F|  |TAMS 0x0000000748500000, 0x0000000748500000| Untracked 
| 108|0x0000000748600000, 0x0000000748600000, 0x0000000748700000|  0%| F|  |TAMS 0x0000000748600000, 0x0000000748600000| Untracked 
| 109|0x0000000748700000, 0x0000000748700000, 0x0000000748800000|  0%| F|  |TAMS 0x0000000748700000, 0x0000000748700000| Untracked 
| 110|0x0000000748800000, 0x0000000748800000, 0x0000000748900000|  0%| F|  |TAMS 0x0000000748800000, 0x0000000748800000| Untracked 
| 111|0x0000000748900000, 0x0000000748900000, 0x0000000748a00000|  0%| F|  |TAMS 0x0000000748900000, 0x0000000748900000| Untracked 
| 112|0x0000000748a00000, 0x0000000748a00000, 0x0000000748b00000|  0%| F|  |TAMS 0x0000000748a00000, 0x0000000748a00000| Untracked 
| 113|0x0000000748b00000, 0x0000000748b00000, 0x0000000748c00000|  0%| F|  |TAMS 0x0000000748b00000, 0x0000000748b00000| Untracked 
| 114|0x0000000748c00000, 0x0000000748c00000, 0x0000000748d00000|  0%| F|  |TAMS 0x0000000748c00000, 0x0000000748c00000| Untracked 
| 115|0x0000000748d00000, 0x0000000748d00000, 0x0000000748e00000|  0%| F|  |TAMS 0x0000000748d00000, 0x0000000748d00000| Untracked 
| 116|0x0000000748e00000, 0x0000000748e00000, 0x0000000748f00000|  0%| F|  |TAMS 0x0000000748e00000, 0x0000000748e00000| Untracked 
| 117|0x0000000748f00000, 0x0000000748f00000, 0x0000000749000000|  0%| F|  |TAMS 0x0000000748f00000, 0x0000000748f00000| Untracked 
| 118|0x0000000749000000, 0x0000000749000000, 0x0000000749100000|  0%| F|  |TAMS 0x0000000749000000, 0x0000000749000000| Untracked 
| 119|0x0000000749100000, 0x0000000749100000, 0x0000000749200000|  0%| F|  |TAMS 0x0000000749100000, 0x0000000749100000| Untracked 
| 120|0x0000000749200000, 0x0000000749200000, 0x0000000749300000|  0%| F|  |TAMS 0x0000000749200000, 0x0000000749200000| Untracked 
| 121|0x0000000749300000, 0x0000000749300000, 0x0000000749400000|  0%| F|  |TAMS 0x0000000749300000, 0x0000000749300000| Untracked 
| 122|0x0000000749400000, 0x0000000749400000, 0x0000000749500000|  0%| F|  |TAMS 0x0000000749400000, 0x0000000749400000| Untracked 
| 123|0x0000000749500000, 0x0000000749500000, 0x0000000749600000|  0%| F|  |TAMS 0x0000000749500000, 0x0000000749500000| Untracked 
| 124|0x0000000749600000, 0x0000000749600000, 0x0000000749700000|  0%| F|  |TAMS 0x0000000749600000, 0x0000000749600000| Untracked 
| 125|0x0000000749700000, 0x0000000749700000, 0x0000000749800000|  0%| F|  |TAMS 0x0000000749700000, 0x0000000749700000| Untracked 
| 126|0x0000000749800000, 0x0000000749800000, 0x0000000749900000|  0%| F|  |TAMS 0x0000000749800000, 0x0000000749800000| Untracked 
| 127|0x0000000749900000, 0x0000000749900000, 0x0000000749a00000|  0%| F|  |TAMS 0x0000000749900000, 0x0000000749900000| Untracked 
| 128|0x0000000749a00000, 0x0000000749a00000, 0x0000000749b00000|  0%| F|  |TAMS 0x0000000749a00000, 0x0000000749a00000| Untracked 
| 129|0x0000000749b00000, 0x0000000749b00000, 0x0000000749c00000|  0%| F|  |TAMS 0x0000000749b00000, 0x0000000749b00000| Untracked 
| 130|0x0000000749c00000, 0x0000000749c00000, 0x0000000749d00000|  0%| F|  |TAMS 0x0000000749c00000, 0x0000000749c00000| Untracked 
| 131|0x0000000749d00000, 0x0000000749d00000, 0x0000000749e00000|  0%| F|  |TAMS 0x0000000749d00000, 0x0000000749d00000| Untracked 
| 132|0x0000000749e00000, 0x0000000749e00000, 0x0000000749f00000|  0%| F|  |TAMS 0x0000000749e00000, 0x0000000749e00000| Untracked 
| 133|0x0000000749f00000, 0x0000000749f00000, 0x000000074a000000|  0%| F|  |TAMS 0x0000000749f00000, 0x0000000749f00000| Untracked 
| 134|0x000000074a000000, 0x000000074a000000, 0x000000074a100000|  0%| F|  |TAMS 0x000000074a000000, 0x000000074a000000| Untracked 
| 135|0x000000074a100000, 0x000000074a100000, 0x000000074a200000|  0%| F|  |TAMS 0x000000074a100000, 0x000000074a100000| Untracked 
| 136|0x000000074a200000, 0x000000074a200000, 0x000000074a300000|  0%| F|  |TAMS 0x000000074a200000, 0x000000074a200000| Untracked 
| 137|0x000000074a300000, 0x000000074a300000, 0x000000074a400000|  0%| F|  |TAMS 0x000000074a300000, 0x000000074a300000| Untracked 
| 138|0x000000074a400000, 0x000000074a400000, 0x000000074a500000|  0%| F|  |TAMS 0x000000074a400000, 0x000000074a400000| Untracked 
| 139|0x000000074a500000, 0x000000074a500000, 0x000000074a600000|  0%| F|  |TAMS 0x000000074a500000, 0x000000074a500000| Untracked 
| 140|0x000000074a600000, 0x000000074a600000, 0x000000074a700000|  0%| F|  |TAMS 0x000000074a600000, 0x000000074a600000| Untracked 
| 141|0x000000074a700000, 0x000000074a700000, 0x000000074a800000|  0%| F|  |TAMS 0x000000074a700000, 0x000000074a700000| Untracked 
| 142|0x000000074a800000, 0x000000074a800000, 0x000000074a900000|  0%| F|  |TAMS 0x000000074a800000, 0x000000074a800000| Untracked 
| 143|0x000000074a900000, 0x000000074a900000, 0x000000074aa00000|  0%| F|  |TAMS 0x000000074a900000, 0x000000074a900000| Untracked 
| 144|0x000000074aa00000, 0x000000074aa00000, 0x000000074ab00000|  0%| F|  |TAMS 0x000000074aa00000, 0x000000074aa00000| Untracked 
| 145|0x000000074ab00000, 0x000000074ab00000, 0x000000074ac00000|  0%| F|  |TAMS 0x000000074ab00000, 0x000000074ab00000| Untracked 
| 146|0x000000074ac00000, 0x000000074ac00000, 0x000000074ad00000|  0%| F|  |TAMS 0x000000074ac00000, 0x000000074ac00000| Untracked 
| 147|0x000000074ad00000, 0x000000074ad00000, 0x000000074ae00000|  0%| F|  |TAMS 0x000000074ad00000, 0x000000074ad00000| Untracked 
| 148|0x000000074ae00000, 0x000000074ae00000, 0x000000074af00000|  0%| F|  |TAMS 0x000000074ae00000, 0x000000074ae00000| Untracked 
| 149|0x000000074af00000, 0x000000074af00000, 0x000000074b000000|  0%| F|  |TAMS 0x000000074af00000, 0x000000074af00000| Untracked 
| 150|0x000000074b000000, 0x000000074b000000, 0x000000074b100000|  0%| F|  |TAMS 0x000000074b000000, 0x000000074b000000| Untracked 
| 151|0x000000074b100000, 0x000000074b100000, 0x000000074b200000|  0%| F|  |TAMS 0x000000074b100000, 0x000000074b100000| Untracked 
| 152|0x000000074b200000, 0x000000074b200000, 0x000000074b300000|  0%| F|  |TAMS 0x000000074b200000, 0x000000074b200000| Untracked 
| 153|0x000000074b300000, 0x000000074b300000, 0x000000074b400000|  0%| F|  |TAMS 0x000000074b300000, 0x000000074b300000| Untracked 
| 154|0x000000074b400000, 0x000000074b400000, 0x000000074b500000|  0%| F|  |TAMS 0x000000074b400000, 0x000000074b400000| Untracked 
| 155|0x000000074b500000, 0x000000074b500000, 0x000000074b600000|  0%| F|  |TAMS 0x000000074b500000, 0x000000074b500000| Untracked 
| 156|0x000000074b600000, 0x000000074b600000, 0x000000074b700000|  0%| F|  |TAMS 0x000000074b600000, 0x000000074b600000| Untracked 
| 157|0x000000074b700000, 0x000000074b700000, 0x000000074b800000|  0%| F|  |TAMS 0x000000074b700000, 0x000000074b700000| Untracked 
| 158|0x000000074b800000, 0x000000074b800000, 0x000000074b900000|  0%| F|  |TAMS 0x000000074b800000, 0x000000074b800000| Untracked 
| 159|0x000000074b900000, 0x000000074b900000, 0x000000074ba00000|  0%| F|  |TAMS 0x000000074b900000, 0x000000074b900000| Untracked 
| 160|0x000000074ba00000, 0x000000074ba00000, 0x000000074bb00000|  0%| F|  |TAMS 0x000000074ba00000, 0x000000074ba00000| Untracked 
| 161|0x000000074bb00000, 0x000000074bb00000, 0x000000074bc00000|  0%| F|  |TAMS 0x000000074bb00000, 0x000000074bb00000| Untracked 
| 162|0x000000074bc00000, 0x000000074bc00000, 0x000000074bd00000|  0%| F|  |TAMS 0x000000074bc00000, 0x000000074bc00000| Untracked 
| 163|0x000000074bd00000, 0x000000074bd00000, 0x000000074be00000|  0%| F|  |TAMS 0x000000074bd00000, 0x000000074bd00000| Untracked 
| 164|0x000000074be00000, 0x000000074be00000, 0x000000074bf00000|  0%| F|  |TAMS 0x000000074be00000, 0x000000074be00000| Untracked 
| 165|0x000000074bf00000, 0x000000074c000000, 0x000000074c000000|100%| S|CS|TAMS 0x000000074bf00000, 0x000000074bf00000| Complete 
| 166|0x000000074c000000, 0x000000074c100000, 0x000000074c100000|100%| S|CS|TAMS 0x000000074c000000, 0x000000074c000000| Complete 
| 167|0x000000074c100000, 0x000000074c200000, 0x000000074c200000|100%| S|CS|TAMS 0x000000074c100000, 0x000000074c100000| Complete 
| 168|0x000000074c200000, 0x000000074c200000, 0x000000074c300000|  0%| F|  |TAMS 0x000000074c200000, 0x000000074c200000| Untracked 
| 169|0x000000074c300000, 0x000000074c300000, 0x000000074c400000|  0%| F|  |TAMS 0x000000074c300000, 0x000000074c300000| Untracked 
| 170|0x000000074c400000, 0x000000074c400000, 0x000000074c500000|  0%| F|  |TAMS 0x000000074c400000, 0x000000074c400000| Untracked 
| 171|0x000000074c500000, 0x000000074c500000, 0x000000074c600000|  0%| F|  |TAMS 0x000000074c500000, 0x000000074c500000| Untracked 
| 172|0x000000074c600000, 0x000000074c600000, 0x000000074c700000|  0%| F|  |TAMS 0x000000074c600000, 0x000000074c600000| Untracked 
| 173|0x000000074c700000, 0x000000074c700000, 0x000000074c800000|  0%| F|  |TAMS 0x000000074c700000, 0x000000074c700000| Untracked 
| 174|0x000000074c800000, 0x000000074c800000, 0x000000074c900000|  0%| F|  |TAMS 0x000000074c800000, 0x000000074c800000| Untracked 
| 175|0x000000074c900000, 0x000000074c900000, 0x000000074ca00000|  0%| F|  |TAMS 0x000000074c900000, 0x000000074c900000| Untracked 
| 176|0x000000074ca00000, 0x000000074cb00000, 0x000000074cb00000|100%| E|  |TAMS 0x000000074ca00000, 0x000000074ca00000| Complete 
| 177|0x000000074cb00000, 0x000000074cc00000, 0x000000074cc00000|100%| E|CS|TAMS 0x000000074cb00000, 0x000000074cb00000| Complete 
| 178|0x000000074cc00000, 0x000000074cd00000, 0x000000074cd00000|100%| E|CS|TAMS 0x000000074cc00000, 0x000000074cc00000| Complete 
| 179|0x000000074cd00000, 0x000000074ce00000, 0x000000074ce00000|100%| E|CS|TAMS 0x000000074cd00000, 0x000000074cd00000| Complete 
| 180|0x000000074ce00000, 0x000000074cf00000, 0x000000074cf00000|100%| E|CS|TAMS 0x000000074ce00000, 0x000000074ce00000| Complete 
| 181|0x000000074cf00000, 0x000000074d000000, 0x000000074d000000|100%| E|CS|TAMS 0x000000074cf00000, 0x000000074cf00000| Complete 
| 182|0x000000074d000000, 0x000000074d100000, 0x000000074d100000|100%| E|CS|TAMS 0x000000074d000000, 0x000000074d000000| Complete 
| 183|0x000000074d100000, 0x000000074d200000, 0x000000074d200000|100%| E|CS|TAMS 0x000000074d100000, 0x000000074d100000| Complete 
| 184|0x000000074d200000, 0x000000074d300000, 0x000000074d300000|100%| E|CS|TAMS 0x000000074d200000, 0x000000074d200000| Complete 
| 185|0x000000074d300000, 0x000000074d400000, 0x000000074d400000|100%| E|CS|TAMS 0x000000074d300000, 0x000000074d300000| Complete 
| 186|0x000000074d400000, 0x000000074d500000, 0x000000074d500000|100%| E|CS|TAMS 0x000000074d400000, 0x000000074d400000| Complete 
| 187|0x000000074d500000, 0x000000074d600000, 0x000000074d600000|100%| E|CS|TAMS 0x000000074d500000, 0x000000074d500000| Complete 
| 188|0x000000074d600000, 0x000000074d700000, 0x000000074d700000|100%| E|CS|TAMS 0x000000074d600000, 0x000000074d600000| Complete 
| 189|0x000000074d700000, 0x000000074d800000, 0x000000074d800000|100%| E|CS|TAMS 0x000000074d700000, 0x000000074d700000| Complete 
| 190|0x000000074d800000, 0x000000074d900000, 0x000000074d900000|100%| E|CS|TAMS 0x000000074d800000, 0x000000074d800000| Complete 
| 191|0x000000074d900000, 0x000000074da00000, 0x000000074da00000|100%| E|CS|TAMS 0x000000074d900000, 0x000000074d900000| Complete 

Card table byte_map: [0x00000213de0b0000,0x00000213de6b0000] _byte_map_base: 0x00000213da6a3000

Marking Bits (Prev, Next): (CMBitMap*) 0x00000213c8d5fe38, (CMBitMap*) 0x00000213c8d5fe70
 Prev Bits: [0x00000213decb0000, 0x00000213e1c48000)
 Next Bits: [0x00000213e1c50000, 0x00000213e4be8000)

Polling page: 0x00000213c8ba0000

Metaspace:

Usage:
  Non-class:     13.11 MB capacity,    12.92 MB ( 99%) used,   176.23 KB (  1%) free+waste,    20.81 KB ( <1%) overhead. 
      Class:      1.79 MB capacity,     1.69 MB ( 94%) used,    96.84 KB (  5%) free+waste,    10.25 KB ( <1%) overhead. 
       Both:     14.90 MB capacity,    14.60 MB ( 98%) used,   273.07 KB (  2%) free+waste,    31.06 KB ( <1%) overhead. 

Virtual space:
  Non-class space:       14.00 MB reserved,      13.25 MB ( 95%) committed 
      Class space:        1.00 GB reserved,       1.88 MB ( <1%) committed 
             Both:        1.01 GB reserved,      15.13 MB (  1%) committed 

Chunk freelists:
   Non-Class:  15.00 KB
       Class:  22.00 KB
        Both:  37.00 KB

MaxMetaspaceSize: 17179869184.00 GB
CompressedClassSpaceSize: 1.00 GB
Initial GC threshold: 20.80 MB
Current GC threshold: 20.80 MB
CDS: off

CodeHeap 'non-profiled nmethods': size=120000Kb used=504Kb max_used=504Kb free=119496Kb
 bounds [0x00000213d5b00000, 0x00000213d5d70000, 0x00000213dd030000]
CodeHeap 'profiled nmethods': size=120000Kb used=2287Kb max_used=2287Kb free=117712Kb
 bounds [0x00000213ce5d0000, 0x00000213ce840000, 0x00000213d5b00000]
CodeHeap 'non-nmethods': size=5760Kb used=1162Kb max_used=1175Kb free=4597Kb
 bounds [0x00000213ce030000, 0x00000213ce2a0000, 0x00000213ce5d0000]
 total_blobs=1627 nmethods=1211 adapters=329
 compilation: enabled
              stopped_count=0, restarted_count=0
 full_count=0

Compilation events (20 events):
Event: 5.080 Thread 0x00000213e7fee800 nmethod 1203 0x00000213ce803510 code [0x00000213ce8036c0, 0x00000213ce803818]
Event: 5.105 Thread 0x00000213e7fee800 1204       3       org.gradle.internal.dispatch.ReflectionDispatch::dispatch (9 bytes)
Event: 5.105 Thread 0x00000213e7fee800 nmethod 1204 0x00000213ce803890 code [0x00000213ce803a60, 0x00000213ce803ca8]
Event: 5.105 Thread 0x00000213e7fee800 1205   !   3       org.gradle.internal.dispatch.ReflectionDispatch::dispatch (42 bytes)
Event: 5.106 Thread 0x00000213e7fee800 nmethod 1205 0x00000213ce803d90 code [0x00000213ce804040, 0x00000213ce804b78]
Event: 5.513 Thread 0x00000213e7fee800 1206       3       java.util.concurrent.locks.AbstractQueuedSynchronizer::acquire (27 bytes)
Event: 5.514 Thread 0x00000213e7fee800 nmethod 1206 0x00000213ce805190 code [0x00000213ce805380, 0x00000213ce805778]
Event: 5.610 Thread 0x00000213e7fee800 1207       3       java.util.concurrent.locks.ReentrantLock::unlock (10 bytes)
Event: 5.610 Thread 0x00000213e7fee800 nmethod 1207 0x00000213ce805890 code [0x00000213ce805a60, 0x00000213ce805d98]
Event: 5.907 Thread 0x00000213e7fee800 1208       3       java.util.concurrent.ThreadPoolExecutor::runStateAtLeast (11 bytes)
Event: 5.907 Thread 0x00000213e7fee800 nmethod 1208 0x00000213ce805f10 code [0x00000213ce8060c0, 0x00000213ce8061f8]
Event: 7.901 Thread 0x00000213e7fee800 1209   !   3       org.gradle.internal.logging.sink.OutputEventRenderer::onOutput (101 bytes)
Event: 7.901 Thread 0x00000213e7fee800 nmethod 1209 0x00000213ce806290 code [0x00000213ce806500, 0x00000213ce807398]
Event: 7.901 Thread 0x00000213e7fee800 1214       3       com.esotericsoftware.kryo.io.Input::readString (127 bytes)
Event: 7.902 Thread 0x00000213e7fee800 nmethod 1214 0x00000213ce807690 code [0x00000213ce8078e0, 0x00000213ce807fe8]
Event: 7.902 Thread 0x00000213e7fee800 1210       3       org.gradle.internal.logging.sink.OutputEventTransformer::onOutput (399 bytes)
Event: 7.903 Thread 0x00000213e7fee800 nmethod 1210 0x00000213ce808290 code [0x00000213ce8086a0, 0x00000213ce80ad58]
Event: 7.903 Thread 0x00000213e7fee800 1211   !   3       com.sun.proxy.$Proxy0::onOutput (34 bytes)
Event: 7.904 Thread 0x00000213e7fee800 nmethod 1211 0x00000213ce80b390 code [0x00000213ce80b580, 0x00000213ce80bad8]
Event: 7.904 Thread 0x00000213e7fee800 1212       3       org.gradle.internal.dispatch.ProxyDispatchAdapter$DispatchingInvocationHandler::invoke (184 bytes)

GC Heap History (2 events):
Event: 0.831 GC heap before
{Heap before GC invocations=0 (full 0):
 garbage-first heap   total 196608K, used 29696K [0x0000000741a00000, 0x0000000800000000)
  region size 1024K, 24 young (24576K), 0 survivors (0K)
 Metaspace       used 10485K, capacity 10725K, committed 11008K, reserved 1058816K
  class space    used 1089K, capacity 1172K, committed 1280K, reserved 1048576K
}
Event: 0.849 GC heap after
{Heap after GC invocations=1 (full 0):
 garbage-first heap   total 196608K, used 9017K [0x0000000741a00000, 0x0000000800000000)
  region size 1024K, 3 young (3072K), 3 survivors (3072K)
 Metaspace       used 10485K, capacity 10725K, committed 11008K, reserved 1058816K
  class space    used 1089K, capacity 1172K, committed 1280K, reserved 1048576K
}

Deoptimization events (20 events):
Event: 1.072 Thread 0x00000213c8d0d800 DEOPT PACKING pc=0x00000213ce66da7f sp=0x000000d8b64faa00
Event: 1.072 Thread 0x00000213c8d0d800 DEOPT UNPACKING pc=0x00000213ce07a95e sp=0x000000d8b64f9e50 mode 0
Event: 1.138 Thread 0x00000213c8d0d800 DEOPT PACKING pc=0x00000213ce6b2540 sp=0x000000d8b64f96c0
Event: 1.138 Thread 0x00000213c8d0d800 DEOPT UNPACKING pc=0x00000213ce07a95e sp=0x000000d8b64f8bd8 mode 0
Event: 1.148 Thread 0x00000213c8d0d800 Uncommon trap: trap_request=0xffffff4d fr.pc=0x00000213d5b5d580 relative=0x00000000000001c0
Event: 1.148 Thread 0x00000213c8d0d800 Uncommon trap: reason=unstable_if action=reinterpret pc=0x00000213d5b5d580 method=java.util.HashMap.getNode(ILjava/lang/Object;)Ljava/util/HashMap$Node; @ 129 c2
Event: 1.148 Thread 0x00000213c8d0d800 DEOPT PACKING pc=0x00000213d5b5d580 sp=0x000000d8b64fb520
Event: 1.148 Thread 0x00000213c8d0d800 DEOPT UNPACKING pc=0x00000213ce07a1af sp=0x000000d8b64fb420 mode 2
Event: 1.148 Thread 0x00000213c8d0d800 Uncommon trap: trap_request=0xffffffc6 fr.pc=0x00000213d5b4b3ac relative=0x000000000000100c
Event: 1.148 Thread 0x00000213c8d0d800 Uncommon trap: reason=bimorphic_or_optimized_type_check action=maybe_recompile pc=0x00000213d5b4b3ac method=java.util.HashMap.putVal(ILjava/lang/Object;Ljava/lang/Object;ZZ)Ljava/lang/Object; @ 203 c2
Event: 1.148 Thread 0x00000213c8d0d800 DEOPT PACKING pc=0x00000213d5b4b3ac sp=0x000000d8b64fb490
Event: 1.148 Thread 0x00000213c8d0d800 DEOPT UNPACKING pc=0x00000213ce07a1af sp=0x000000d8b64fb420 mode 2
Event: 2.255 Thread 0x00000213c8d0d800 Uncommon trap: trap_request=0xffffff4d fr.pc=0x00000213d5b33fb4 relative=0x0000000000000574
Event: 2.255 Thread 0x00000213c8d0d800 Uncommon trap: reason=unstable_if action=reinterpret pc=0x00000213d5b33fb4 method=java.lang.AbstractStringBuilder.append(Ljava/lang/String;)Ljava/lang/AbstractStringBuilder; @ 1 c2
Event: 2.255 Thread 0x00000213c8d0d800 DEOPT PACKING pc=0x00000213d5b33fb4 sp=0x000000d8b64fd390
Event: 2.255 Thread 0x00000213c8d0d800 DEOPT UNPACKING pc=0x00000213ce07a1af sp=0x000000d8b64fd310 mode 2
Event: 2.255 Thread 0x00000213c8d0d800 Uncommon trap: trap_request=0xffffff4d fr.pc=0x00000213d5b4668c relative=0x000000000000054c
Event: 2.255 Thread 0x00000213c8d0d800 Uncommon trap: reason=unstable_if action=reinterpret pc=0x00000213d5b4668c method=java.lang.AbstractStringBuilder.append(Ljava/lang/String;)Ljava/lang/AbstractStringBuilder; @ 1 c2
Event: 2.255 Thread 0x00000213c8d0d800 DEOPT PACKING pc=0x00000213d5b4668c sp=0x000000d8b64fd320
Event: 2.255 Thread 0x00000213c8d0d800 DEOPT UNPACKING pc=0x00000213ce07a1af sp=0x000000d8b64fd308 mode 2

Classes redefined (0 events):
No events

Internal exceptions (14 events):
Event: 0.193 Thread 0x00000213c8d0d800 Exception <a 'java/lang/NoSuchMethodError'{0x000000074d89e170}: 'int java.lang.invoke.DirectMethodHandle$Holder.invokeSpecialIFC(java.lang.Object, java.lang.Object, int)'> (0x000000074d89e170) thrown at [./src/hotspot/share/interpreter/linkResolver.cpp, line 773]
Event: 0.263 Thread 0x00000213c8d0d800 Exception <a 'java/lang/NoSuchMethodError'{0x000000074d635010}: 'int java.lang.invoke.DirectMethodHandle$Holder.invokeStaticInit(java.lang.Object, java.lang.Object)'> (0x000000074d635010) thrown at [./src/hotspot/share/interpreter/linkResolver.cpp, line 773]
Event: 0.303 Thread 0x00000213c8d0d800 Exception <a 'java/lang/NoSuchMethodError'{0x000000074d502a20}: 'int java.lang.invoke.DirectMethodHandle$Holder.invokeSpecial(java.lang.Object, java.lang.Object, java.lang.Object, java.lang.Object)'> (0x000000074d502a20) thrown at [./src/hotspot/share/interpreter/linkResolver.cpp, line 773]
Event: 0.758 Thread 0x00000213c8d0d800 Implicit null exception at 0x00000213d5b41df5 to 0x00000213d5b41fe8
Event: 0.788 Thread 0x00000213c8d0d800 Exception <a 'java/lang/NoClassDefFoundError'{0x000000074c35b120}: org/slf4j/impl/StaticMarkerBinder> (0x000000074c35b120) thrown at [./src/hotspot/share/classfile/systemDictionary.cpp, line 220]
Event: 0.808 Thread 0x00000213c8d0d800 Exception <a 'java/lang/NoSuchMethodError'{0x000000074c250ac0}: 'java.lang.Object java.lang.invoke.DirectMethodHandle$Holder.invokeVirtual(java.lang.Object, java.lang.Object, java.lang.Object, java.lang.Object, java.lang.Object, java.lang.Object, java.lang.Object)'> (0x000000074c250ac0) thrown at [./src/hotspot/share/interpreter/linkResolver.cpp, line 773]
Event: 0.811 Thread 0x00000213c8d0d800 Exception <a 'java/lang/NoSuchMethodError'{0x000000074c263c68}: 'java.lang.Object java.lang.invoke.Invokers$Holder.invoker(java.lang.Object, java.lang.Object, java.lang.Object)'> (0x000000074c263c68) thrown at [./src/hotspot/share/interpreter/linkResolver.cpp, line 773]
Event: 0.818 Thread 0x00000213c8d0d800 Exception <a 'java/lang/NoSuchMethodError'{0x000000074c2748e8}: 'void java.lang.invoke.DelegatingMethodHandle$Holder.delegate(java.lang.Object, java.lang.Object, int, java.lang.Object)'> (0x000000074c2748e8) thrown at [./src/hotspot/share/interpreter/linkResolver.cpp, line 773]
Event: 0.980 Thread 0x00000213c8d0d800 Exception <a 'java/lang/NoSuchMethodError'{0x000000074d47a7a0}: 'java.lang.Object java.lang.invoke.DirectMethodHandle$Holder.invokeInterface(java.lang.Object, java.lang.Object, java.lang.Object)'> (0x000000074d47a7a0) thrown at [./src/hotspot/share/interpreter/linkResolver.cpp, line 773]
Event: 1.052 Thread 0x00000213c8d0d800 Exception <a 'java/lang/NoSuchMethodError'{0x000000074d2ff2c8}: 'java.lang.Object java.lang.invoke.DirectMethodHandle$Holder.invokeStaticInit(java.lang.Object, java.lang.Object, java.lang.Object)'> (0x000000074d2ff2c8) thrown at [./src/hotspot/share/interpreter/linkResolver.cpp, line 773]
Event: 1.189 Thread 0x00000213c8d0d800 Exception <a 'java/lang/NoSuchMethodError'{0x000000074cdc3270}: 'java.lang.Object java.lang.invoke.DirectMethodHandle$Holder.invokeStaticInit(java.lang.Object, int, int, int, int)'> (0x000000074cdc3270) thrown at [./src/hotspot/share/interpreter/linkResolver.cpp, line 773]
Event: 1.651 Thread 0x00000213c8d0d800 Exception <a 'java/lang/NoSuchMethodError'{0x000000074cc2e668}: 'java.lang.Object java.lang.invoke.DirectMethodHandle$Holder.invokeStaticInit(java.lang.Object, java.lang.Object, int, int, int, int)'> (0x000000074cc2e668) thrown at [./src/hotspot/share/interpreter/linkResolver.cpp, line 773]
Event: 2.255 Thread 0x00000213c8d0d800 Implicit null exception at 0x00000213d5b33a74 to 0x00000213d5b33f9c
Event: 2.255 Thread 0x00000213c8d0d800 Implicit null exception at 0x00000213d5b46174 to 0x00000213d5b46674

Events (20 events):
Event: 2.445 loading class jdk/internal/reflect/ClassFileAssembler
Event: 2.445 loading class jdk/internal/reflect/ClassFileAssembler done
Event: 2.445 loading class jdk/internal/reflect/UTF8
Event: 2.445 loading class jdk/internal/reflect/UTF8 done
Event: 2.446 loading class jdk/internal/reflect/Label
Event: 2.446 loading class jdk/internal/reflect/Label done
Event: 2.446 loading class jdk/internal/reflect/Label$PatchInfo
Event: 2.447 loading class jdk/internal/reflect/Label$PatchInfo done
Event: 2.447 loading class jdk/internal/reflect/MethodAccessorGenerator$1
Event: 2.447 loading class jdk/internal/reflect/MethodAccessorGenerator$1 done
Event: 2.447 loading class jdk/internal/reflect/ClassDefiner
Event: 2.447 loading class jdk/internal/reflect/ClassDefiner done
Event: 2.447 loading class jdk/internal/reflect/ClassDefiner$1
Event: 2.447 loading class jdk/internal/reflect/ClassDefiner$1 done
Event: 7.899 loading class com/google/common/collect/CollectPreconditions
Event: 7.899 loading class com/google/common/collect/CollectPreconditions done
Event: 7.900 loading class org/gradle/internal/logging/events/StyledTextOutputEvent$Span
Event: 7.900 loading class org/gradle/internal/logging/events/StyledTextOutputEvent$Span done
Event: 7.900 loading class org/gradle/internal/logging/events/operations/StyledTextBuildOperationProgressDetails$Span
Event: 7.900 loading class org/gradle/internal/logging/events/operations/StyledTextBuildOperationProgressDetails$Span done


Dynamic libraries:
0x00007ff7085a0000 - 0x00007ff7085aa000 	C:\Program Files\Android\Android Studio\jre\bin\java.exe
0x00007ffd48370000 - 0x00007ffd48568000 	C:\WINDOWS\SYSTEM32\ntdll.dll
0x00007ffd46530000 - 0x00007ffd465ef000 	C:\WINDOWS\System32\KERNEL32.DLL
0x00007ffd45ec0000 - 0x00007ffd4619a000 	C:\WINDOWS\System32\KERNELBASE.dll
0x00007ffd461a0000 - 0x00007ffd462a0000 	C:\WINDOWS\System32\ucrtbase.dll
0x00007ffd219c0000 - 0x00007ffd219d9000 	C:\Program Files\Android\Android Studio\jre\bin\jli.dll
0x00007ffd46690000 - 0x00007ffd4682d000 	C:\WINDOWS\System32\USER32.dll
0x00007ffd462a0000 - 0x00007ffd462c2000 	C:\WINDOWS\System32\win32u.dll
0x00007ffd27a40000 - 0x00007ffd27a57000 	C:\Program Files\Android\Android Studio\jre\bin\VCRUNTIME140.dll
0x00007ffd476b0000 - 0x00007ffd476db000 	C:\WINDOWS\System32\GDI32.dll
0x00007ffd45c60000 - 0x00007ffd45d70000 	C:\WINDOWS\System32\gdi32full.dll
0x00007ffd45b10000 - 0x00007ffd45bad000 	C:\WINDOWS\System32\msvcp_win.dll
0x00007ffd3a610000 - 0x00007ffd3a8aa000 	C:\WINDOWS\WinSxS\amd64_microsoft.windows.common-controls_6595b64144ccf1df_6.0.19041.1110_none_60b5254171f9507e\COMCTL32.dll
0x00007ffd465f0000 - 0x00007ffd4668e000 	C:\WINDOWS\System32\msvcrt.dll
0x00007ffd48300000 - 0x00007ffd48330000 	C:\WINDOWS\System32\IMM32.DLL
0x00007ffcd33d0000 - 0x00007ffcd346d000 	C:\Program Files\Android\Android Studio\jre\bin\msvcp140.dll
0x00007ffcea770000 - 0x00007ffceb255000 	C:\Program Files\Android\Android Studio\jre\bin\server\jvm.dll
0x00007ffd468b0000 - 0x00007ffd4695e000 	C:\WINDOWS\System32\ADVAPI32.dll
0x00007ffd48260000 - 0x00007ffd482fc000 	C:\WINDOWS\System32\sechost.dll
0x00007ffd47950000 - 0x00007ffd47a76000 	C:\WINDOWS\System32\RPCRT4.dll
0x00007ffd468a0000 - 0x00007ffd468a8000 	C:\WINDOWS\System32\PSAPI.DLL
0x00007ffd2b8b0000 - 0x00007ffd2b8b9000 	C:\WINDOWS\SYSTEM32\WSOCK32.dll
0x00007ffd3eea0000 - 0x00007ffd3eeaa000 	C:\WINDOWS\SYSTEM32\VERSION.dll
0x00007ffd47bd0000 - 0x00007ffd47c3b000 	C:\WINDOWS\System32\WS2_32.dll
0x00007ffd3e650000 - 0x00007ffd3e677000 	C:\WINDOWS\SYSTEM32\WINMM.dll
0x00007ffd438d0000 - 0x00007ffd438e2000 	C:\WINDOWS\SYSTEM32\kernel.appcore.dll
0x00007ffd31fc0000 - 0x00007ffd31fd1000 	C:\Program Files\Android\Android Studio\jre\bin\verify.dll
0x00007ffd35c30000 - 0x00007ffd35e14000 	C:\WINDOWS\SYSTEM32\DBGHELP.DLL
0x00007ffd36720000 - 0x00007ffd36754000 	C:\WINDOWS\SYSTEM32\dbgcore.DLL
0x00007ffd45d70000 - 0x00007ffd45df2000 	C:\WINDOWS\System32\bcryptPrimitives.dll
0x00007ffd31f90000 - 0x00007ffd31fb9000 	C:\Program Files\Android\Android Studio\jre\bin\java.dll
0x00007ffd41170000 - 0x00007ffd4117b000 	C:\Program Files\Android\Android Studio\jre\bin\jimage.dll
0x00007ffd31f70000 - 0x00007ffd31f88000 	C:\Program Files\Android\Android Studio\jre\bin\zip.dll
0x00007ffd46f60000 - 0x00007ffd476a4000 	C:\WINDOWS\System32\SHELL32.dll
0x00007ffd43bb0000 - 0x00007ffd44343000 	C:\WINDOWS\SYSTEM32\windows.storage.dll
0x00007ffd47f00000 - 0x00007ffd48254000 	C:\WINDOWS\System32\combase.dll
0x00007ffd453b0000 - 0x00007ffd453de000 	C:\WINDOWS\SYSTEM32\Wldp.dll
0x00007ffd47ca0000 - 0x00007ffd47d4d000 	C:\WINDOWS\System32\SHCORE.dll
0x00007ffd46460000 - 0x00007ffd464b5000 	C:\WINDOWS\System32\shlwapi.dll
0x00007ffd45a50000 - 0x00007ffd45a6f000 	C:\WINDOWS\SYSTEM32\profapi.dll
0x00007ffd31f50000 - 0x00007ffd31f6a000 	C:\Program Files\Android\Android Studio\jre\bin\net.dll
0x00007ffd3ec00000 - 0x00007ffd3ed0a000 	C:\WINDOWS\SYSTEM32\WINHTTP.dll
0x00007ffd45190000 - 0x00007ffd451fa000 	C:\WINDOWS\system32\mswsock.dll
0x00007ffd30690000 - 0x00007ffd306a4000 	C:\Program Files\Android\Android Studio\jre\bin\nio.dll
0x00007ffd2aed0000 - 0x00007ffd2aef7000 	C:\Users\Brainbinary Infotech\.gradle\native\e1d6ef7f7dcc3fd88c89a11ec53ec762bb8ba0a96d01ffa2cd45eb1d1d8dd5c5\windows-amd64\native-platform.dll
0x00007ffd31f40000 - 0x00007ffd31f4a000 	C:\Program Files\Android\Android Studio\jre\bin\management.dll
0x00007ffd30680000 - 0x00007ffd3068d000 	C:\Program Files\Android\Android Studio\jre\bin\management_ext.dll
0x00007ffd45700000 - 0x00007ffd45718000 	C:\WINDOWS\SYSTEM32\CRYPTSP.dll
0x00007ffd44ad0000 - 0x00007ffd44b04000 	C:\WINDOWS\system32\rsaenh.dll
0x00007ffd462d0000 - 0x00007ffd462f7000 	C:\WINDOWS\System32\bcrypt.dll
0x00007ffd45a10000 - 0x00007ffd45a3e000 	C:\WINDOWS\SYSTEM32\USERENV.dll
0x00007ffd45320000 - 0x00007ffd4532c000 	C:\WINDOWS\SYSTEM32\CRYPTBASE.dll
0x00007ffd44ea0000 - 0x00007ffd44edc000 	C:\WINDOWS\SYSTEM32\IPHLPAPI.DLL
0x00007ffd46520000 - 0x00007ffd46528000 	C:\WINDOWS\System32\NSI.dll
0x00007ffd3fe60000 - 0x00007ffd3fe77000 	C:\WINDOWS\SYSTEM32\dhcpcsvc6.DLL
0x00007ffd3fdf0000 - 0x00007ffd3fe0d000 	C:\WINDOWS\SYSTEM32\dhcpcsvc.DLL
0x00007ffd44ee0000 - 0x00007ffd44fab000 	C:\WINDOWS\SYSTEM32\DNSAPI.dll

dbghelp: loaded successfully - version: 4.0.5 - missing functions: none
symbol engine: initialized successfully - sym options: 0x614 - pdb path: .;C:\Program Files\Android\Android Studio\jre\bin;C:\WINDOWS\SYSTEM32;C:\WINDOWS\WinSxS\amd64_microsoft.windows.common-controls_6595b64144ccf1df_6.0.19041.1110_none_60b5254171f9507e;C:\Program Files\Android\Android Studio\jre\bin\server;C:\Users\Brainbinary Infotech\.gradle\native\e1d6ef7f7dcc3fd88c89a11ec53ec762bb8ba0a96d01ffa2cd45eb1d1d8dd5c5\windows-amd64

VM Arguments:
jvm_args: -Dorg.gradle.appname=gradlew 
java_command: org.gradle.wrapper.GradleWrapperMain -q -Ptarget-platform=android-arm -Ptarget=D:\Niyati\nikunj sir\odeva_new_copy\lib\main.dart -Pbase-application-name=android.app.Application -Pdart-defines=Zmx1dHRlci5pbnNwZWN0b3Iuc3RydWN0dXJlZEVycm9ycz10cnVl,RkxVVFRFUl9XRUJfQVVUT19ERVRFQ1Q9dHJ1ZQ== -Pdart-obfuscation=false -Ptrack-widget-creation=true -Ptree-shake-icons=false -Pfilesystem-scheme=org-dartlang-root assembleDebug
java_class_path (initial): D:\Niyati\nikunj sir\odeva_new_copy\android\\gradle\wrapper\gradle-wrapper.jar
Launcher Type: SUN_STANDARD

[Global flags]
     intx CICompilerCount                          = 4                                         {product} {ergonomic}
     uint ConcGCThreads                            = 2                                         {product} {ergonomic}
     uint G1ConcRefinementThreads                  = 8                                         {product} {ergonomic}
   size_t G1HeapRegionSize                         = 1048576                                   {product} {ergonomic}
    uintx GCDrainStackTargetSize                   = 64                                        {product} {ergonomic}
   size_t InitialHeapSize                          = 201326592                                 {product} {ergonomic}
   size_t MarkStackSize                            = 4194304                                   {product} {ergonomic}
   size_t MaxHeapSize                              = 3193962496                                {product} {ergonomic}
   size_t MaxNewSize                               = 1915748352                                {product} {ergonomic}
   size_t MinHeapDeltaBytes                        = 1048576                                   {product} {ergonomic}
    uintx NonNMethodCodeHeapSize                   = 5836300                                {pd product} {ergonomic}
    uintx NonProfiledCodeHeapSize                  = 122910970                              {pd product} {ergonomic}
    uintx ProfiledCodeHeapSize                     = 122910970                              {pd product} {ergonomic}
    uintx ReservedCodeCacheSize                    = 251658240                              {pd product} {ergonomic}
     bool SegmentedCodeCache                       = true                                      {product} {ergonomic}
     bool UseCompressedClassPointers               = true                                 {lp64_product} {ergonomic}
     bool UseCompressedOops                        = true                                 {lp64_product} {ergonomic}
     bool UseG1GC                                  = true                                      {product} {ergonomic}
     bool UseLargePagesIndividualAllocation        = false                                  {pd product} {ergonomic}

Logging:
Log output configuration:
 #0: stdout all=warning uptime,level,tags
 #1: stderr all=off uptime,level,tags

Environment Variables:
JAVA_HOME=C:\Program Files\Android\Android Studio\jre
CLASSPATH=D:\Niyati\nikunj sir\odeva_new_copy\android\\gradle\wrapper\gradle-wrapper.jar
PATH=C:\Program Files\Common Files\Oracle\Java\javapath;C:\WINDOWS\system32;C:\WINDOWS;C:\WINDOWS\System32\Wbem;C:\WINDOWS\System32\WindowsPowerShell\v1.0\;C:\WINDOWS\System32\OpenSSH\;D:\flutter\flutter\bin;C:\Program Files\Dart\dart-sdk\bin;C:\Program Files\LLVM\bin;C:\Program Files\Git\cmd;D:\flutter_windows_3.3.2-stable\flutter\bin;C:\Users\Brainbinary Infotech\.cargo\bin;C:\Users\Brainbinary Infotech\AppData\Local\Microsoft\WindowsApps;C:\Users\Brainbinary Infotech\AppData\Local\GitHubDesktop\bin;D:\flutter\flutter\flutter\bin\cache\dart-sdk;C:\Program Files\Java\jdk-11.0.16\bin;C:\Users\Brainbinary Infotech\AppData\Local\Programs\Microsoft VS Code\bin;D:\flutter sdk\flutter\bin;;D:\flutter sdk\flutter\bin\mingit\cmd
USERNAME=Brainbinary Infotech
OS=Windows_NT
PROCESSOR_IDENTIFIER=Intel64 Family 6 Model 60 Stepping 3, GenuineIntel



---------------  S Y S T E M  ---------------

OS: Windows 10 , 64 bit Build 19041 (10.0.19041.2788)
OS uptime: 2 days 1:56 hours
Hyper-V role detected

CPU:total 8 (initial active 8) (4 cores per cpu, 2 threads per core) family 6 model 60 stepping 3 microcode 0x28, cmov, cx8, fxsr, mmx, sse, sse2, sse3, ssse3, sse4.1, sse4.2, popcnt, avx, avx2, aes, clmul, erms, lzcnt, ht, tsc, tscinvbit, bmi1, bmi2, fma

Memory: 4k page, system-wide physical 12178M (606M free)
TotalPageFile size 14612M (AvailPageFile size 39M)
current process WorkingSet (physical memory assigned to process): 98M, peak: 107M
current process commit charge ("private bytes"): 295M, peak: 302M

vm_info: OpenJDK 64-Bit Server VM (11.0.12+7-b1504.28-7817840) for windows-amd64 JRE (11.0.12+7-b1504.28-7817840), built on Oct 13 2021 22:12:33 by "builder" with MS VC++ 14.0 (VS2015)

END.
